<?xml version="1.0" encoding="UTF-8"?>
<testng-results ignored="0" total="0" passed="0" failed="0" skipped="0">
  <reporter-output>
    <line>
      <![CDATA[Browser is launched]]>
    </line>
    <line>
      <![CDATA[Window is maximized]]>
    </line>
    <line>
      <![CDATA[Quitted the browser]]>
    </line>
  </reporter-output>
  <suite started-at="2022-08-09T16:56:49 IST" name="Default suite" finished-at="2022-08-09T16:56:49 IST" duration-ms="29">
    <groups>
    </groups>
    <test started-at="2022-08-09T16:56:49 IST" name="Default test" finished-at="2022-08-09T16:56:49 IST" duration-ms="29">
      <class name="addtocart.Addtocart">
        <test-method is-config="true" signature="launchBrowser()[pri:0, instance:addtocart.Addtocart@2e005c4b]" started-at="2022-08-09T16:56:46 IST" name="launchBrowser" finished-at="2022-08-09T16:56:49 IST" duration-ms="2429" status="PASS">
          <reporter-output>
            <line>
              <![CDATA[Browser is launched]]>
            </line>
            <line>
              <![CDATA[Window is maximized]]>
            </line>
          </reporter-output>
        </test-method> <!-- launchBrowser -->
        <test-method is-config="true" signature="tearDownTheBrowser()[pri:0, instance:addtocart.Addtocart@2e005c4b]" started-at="2022-08-09T16:56:49 IST" name="tearDownTheBrowser" finished-at="2022-08-09T16:56:49 IST" duration-ms="210" status="PASS">
          <reporter-output>
            <line>
              <![CDATA[Quitted the browser]]>
            </line>
          </reporter-output>
        </test-method> <!-- tearDownTheBrowser -->
      </class> <!-- addtocart.Addtocart -->
    </test> <!-- Default test -->
  </suite> <!-- Default suite -->
</testng-results>
