<?xml version="1.0" encoding="UTF-8"?>
<!-- Generated by org.testng.reporters.JUnitReportReporter -->
<testsuite hostname="DESKTOP-DREBPFJ" failures="0" tests="1" name="testNg.Scenario1" time="12.402" errors="0" timestamp="2022-07-15T15:50:11 IST" skipped="0">
  <testcase classname="testNg.Scenario1" name="m2" time="12.402"/>
  <system-out>
    <![CDATA[Facebook – log in or sign up
https://www.facebook.com/login/?privacy_mutation_token=eyJ0eXBlIjowLCJjcmVhdGlvbl90aW1lIjoxNjU3ODgwNDAyLCJjYWxsc2l0ZV9pZCI6MzgxMjI5MDc5NTc1OTQ2fQ%3D%3D]]>
  </system-out>
</testsuite> <!-- testNg.Scenario1 -->
