<?xml version="1.0" encoding="UTF-8"?>
<testng-results ignored="0" total="2" passed="2" failed="0" skipped="0">
  <reporter-output>
  </reporter-output>
  <suite started-at="2022-07-29T16:40:55 IST" name="Test-Automation" finished-at="2022-07-29T16:41:17 IST" duration-ms="22016">
    <groups>
    </groups>
    <test started-at="2022-07-29T16:40:55 IST" name="ParallelTest" finished-at="2022-07-29T16:41:17 IST" duration-ms="22016">
      <class name="testNg.ParallelTest">
        <test-method signature="FirefoxTest()[pri:0, instance:testNg.ParallelTest@61df66b6]" started-at="2022-07-29T16:40:55 IST" name="FirefoxTest" finished-at="2022-07-29T16:41:17 IST" duration-ms="21928" status="PASS">
          <reporter-output>
          </reporter-output>
        </test-method> <!-- FirefoxTest -->
        <test-method signature="ChromeTest()[pri:0, instance:testNg.ParallelTest@61df66b6]" started-at="2022-07-29T16:40:55 IST" name="ChromeTest" finished-at="2022-07-29T16:41:16 IST" duration-ms="20512" status="PASS">
          <reporter-output>
          </reporter-output>
        </test-method> <!-- ChromeTest -->
      </class> <!-- testNg.ParallelTest -->
    </test> <!-- ParallelTest -->
  </suite> <!-- Test-Automation -->
</testng-results>
